Spot Bot == Email: g-league@inbox.lv Message: my message
a == Email: a@a.lv Message: a
Spot Bot == Email: konstantinburcev@outlook.com Message: qweqweqweqweqweqweqweqweqwe
Spot Bot == Email: g-league@inbox.lv Message: 222
Spot Bot == Email: konstantinburcev@outlook.com Message: asdasd
Spot Bot == Email: ASDASD@ASDA.LV Message: ASDASD
Spot Bot == Email: konstantinburcev@outlook.com Message: 123123
Spot Bot == Email: konstantinburcev@outlook.com Message: 123123
Spot Bot == Email: konstantinburcev@outlook.com Message: 123123123
Spot Bot == Email: konstantinburcev@outlook.com Message: 123123123
Spot Bot == Email: konstantinburcev@outlook.com Message: 123123
Spot Bot == Email: konstantinburcev@outlook.com Message: 123123
Spot Bot == Email: konstantinburcev@outlook.com Message: 123123
Spot Bot == Email: konstantinburcev@outlook.com Message: 234234
Spot Bot == Email: konstantinburcev@outlook.com Message: 123123
Spot Bot == Email: g-league@inbox.lv Message: 123123
Spot Bot == Email: konstantinburcev@outlook.com Message: 123123
Spot Bot == Email: g-league@inbox.lv Message: asdasdasdasd
Spot Bot == Email: konstantinburcev@outlook.com Message: asdasd
123 == Email: 123@123.lv Message: 123
